7/4/2021, 12:10:37 PM - DEBUG - Session ID is | qQk_rpwvaLCz0-J7Gj_yn3k_G8s6TH8B 
7/4/2021, 12:24:03 PM - DEBUG - Session ID is | XFg1Ae3tLwnVzAQml0FIvdUZS0v3ZgIB 
7/4/2021, 12:25:39 PM - DEBUG - Session ID is | uq78I7H-i-UCuoInIrlC4JFxcazi5nEg 
7/4/2021, 1:46:45 PM - DEBUG - Session ID is | uq78I7H-i-UCuoInIrlC4JFxcazi5nEg 
7/4/2021, 1:48:04 PM - INFO - Server is running on port: 3030 
7/4/2021, 1:56:51 PM - DEBUG - Session ID is | 4Z_xEgcg4INcxIRJXd_NfTMa0et0ud5W 
7/4/2021, 1:57:03 PM - DEBUG - Session ID is | VlfwIqJ9fRqrZc6zIfuK0m5aMyawgEgD 
7/4/2021, 1:57:07 PM - DEBUG - Session ID is | VlfwIqJ9fRqrZc6zIfuK0m5aMyawgEgD 
7/4/2021, 2:01:15 PM - DEBUG - Session ID is | Rf3Hn5dmWOHjP7MXKmAu-UCklY1gyaUi 
7/4/2021, 2:01:30 PM - DEBUG - Session ID is | 0Bcy6dPqkYIzPbWfsUngA9U2TgxBSl2F 
7/4/2021, 2:10:31 PM - DEBUG - Session ID is | 0Bcy6dPqkYIzPbWfsUngA9U2TgxBSl2F 
7/4/2021, 3:15:02 PM - DEBUG - Session ID is | rzI19JizMf9HNzpdohNnhSZ3sGxr09DG 
7/4/2021, 3:22:06 PM - DEBUG - Session ID is | _290AYoEPr71-biJjGdtIPwTiwYSVDB4 
7/4/2021, 3:23:47 PM - DEBUG - Session ID is | xLcUSfbuF1_JWw_lXXQfkoRm2upz8QTP 
7/4/2021, 3:26:44 PM - DEBUG - Session ID is | 3UZdVfmKjQJ4EGdDILt5AOhezU9N8oIc 
7/4/2021, 3:26:55 PM - DEBUG - Session ID is | TMXUb_MnsHJ2Yvv_qc65-fw3eRIgQltQ 
7/4/2021, 3:27:07 PM - DEBUG - Session ID is | EENs2msz9XHJZfvwbEpvMltw0sE45zkp 
7/4/2021, 3:27:33 PM - DEBUG - Session ID is | u-drLGQR7WqkFFiecuB2jY4CSJs4l3s0 
7/4/2021, 3:35:29 PM - DEBUG - Session ID is | lRd3iH7whLvi0LBFrBzHi6tCwqs0yYEQ 
7/4/2021, 3:36:13 PM - DEBUG - Session ID is | 0HcDR9SkrZE0T73xqowkTLAGcEZkyXbm 
7/4/2021, 3:38:32 PM - DEBUG - Session ID is | eII3P2lKJix9HZLBcMJDNXdHvI76M9qq 
7/4/2021, 3:40:54 PM - DEBUG - Session ID is | 4YBdl5ra_b7vYvRCEdN5meKT1sqq9NWq 
7/4/2021, 3:42:05 PM - DEBUG - Session ID is | _oCNdyI87Y8JK5AN0tyV84yX2rU3TKra 
7/4/2021, 3:45:18 PM - DEBUG - Session ID is | QpM9sQloOm4b8IKS31x7kWA9F0ALMWiU 
7/4/2021, 3:45:20 PM - DEBUG - Session ID is | 2XuhVa-1uVzEJC4d7m3PF53eXfLAzYZS 
7/4/2021, 3:46:24 PM - DEBUG - Session ID is | MeDJX5CDf-VgIMtCLPOusb8iWnvLWlj5 
7/4/2021, 3:46:49 PM - DEBUG - Session ID is | hMw_XtjOO1vlLEMhgZbQnXy5gVhFEB8C 
7/4/2021, 3:47:23 PM - DEBUG - Session ID is | CF72qHz--Q-Eav52Rd6V9gfHd6J-ESgM 
7/4/2021, 3:48:06 PM - DEBUG - Session ID is | TCYBamt-XZRv1iQ6Os1LgvHgzaIDCU2R 
7/4/2021, 3:48:14 PM - DEBUG - Session ID is | D0yGgpYN2WRNxSjt7KLpGxqnt3ikY4FW 
7/4/2021, 3:48:21 PM - DEBUG - Session ID is | rllui9oARmBRBaQPLlY7qh2SmhOdPjOu 
7/4/2021, 3:50:23 PM - DEBUG - Session ID is | WaVXzyZJBZodZtgQ9byCau_vlqd2cDs3 
7/4/2021, 3:51:44 PM - DEBUG - Session ID is | Pv7b6FhBNPm7JogOQEjPP-UKuThDZ-CB 
7/4/2021, 3:53:16 PM - DEBUG - Session ID is | dh0DiX5s_NdsI9sJ8cQr8EGWlzFiJbbf 
7/4/2021, 3:53:27 PM - DEBUG - Session ID is | XPt-yNGZdW4pXvx9g2PrDtMB_0QPCMkA 
7/4/2021, 3:56:03 PM - DEBUG - Session ID is | r5gnQH2YXwX2N27Ka-tP5wf01P0IYpMf 
7/4/2021, 4:02:35 PM - DEBUG - Session ID is | WdgkC3tpk9mjNEBiwH7bNrDfrHnkyP7n 
7/4/2021, 4:03:43 PM - DEBUG - Session ID is | nQnggIn59G875KxLRb8ufkVj3sli1v0t 
7/4/2021, 4:03:49 PM - DEBUG - Session ID is | lLUeyRfDfxwhSg5iUnWDWzpUF3vjy-nD 
7/4/2021, 4:09:37 PM - DEBUG - Session ID is | GgvKd1kryt4RwYOcs3B80zeWZNrADsFy 
7/4/2021, 4:12:41 PM - DEBUG - Session ID is | MJ78W8osYMYHH_dMC3_xBXDdIaCKekId 
7/4/2021, 4:13:03 PM - DEBUG - Session ID is | _oHDGvAEofT3xv8xCj-qmgEzcqBWy5ZN 
7/4/2021, 4:14:05 PM - DEBUG - Session ID is | CMJPcBNsHO5quyZNYVAsDe_Ul-3HcMuU 
7/4/2021, 4:17:37 PM - DEBUG - Session ID is | RFFTKoj1pKP9YsHOcF3tQnbx-Vkan3Kj 
7/4/2021, 4:20:41 PM - DEBUG - Session ID is | S-mbZsZsD7L68MVzQ_V75Yx9ZpLWF97l 
7/4/2021, 4:22:31 PM - DEBUG - Session ID is | WLsEkolXQ_IubyMiACL5mOkjQtWlSv65 
7/4/2021, 4:24:12 PM - DEBUG - Session ID is | bpHOT1QfEGpb_rvw3aAYWQ1V0eHtfSa8 
7/4/2021, 4:34:57 PM - DEBUG - Session ID is | _o3eI1WJP3YqWu8azlUSxsy0rZAeO_Yq 
7/4/2021, 4:35:43 PM - DEBUG - Session ID is | yJSItw3YVwteE8wf1dCbxVPbTYL5jNxq 
7/4/2021, 4:37:59 PM - DEBUG - Session ID is | rO3SIzHTX5vRdE50OQ2BYZKET72H1VuL 
7/4/2021, 4:38:36 PM - DEBUG - Session ID is | kNPIfRyClu34RIl07q9NCW2VSVw4hrv9 
7/4/2021, 4:39:37 PM - DEBUG - Session ID is | axISPHizcqlA1SfUm274GC8pqfgiMihd 
7/4/2021, 4:44:34 PM - DEBUG - Session ID is | me05eIQa4nTLjx5bKS8Q0EALx0dlq6gp 
7/4/2021, 4:44:47 PM - DEBUG - Session ID is | H3Ch-8NAsN0DRrvBEaNnbENAWgCIz6gM 
7/4/2021, 4:45:13 PM - DEBUG - Session ID is | R6aOmx9wyNd9XaFq1o8CyM1-timsVaj2 
7/4/2021, 4:45:40 PM - DEBUG - Session ID is | aRybiRPB9_Ir5K4_TmorbFCARVnUfvW8 
7/4/2021, 4:46:05 PM - DEBUG - Session ID is | 7wHP9qdnjgO3jWmXsy85rXOtewDABB6M 
7/4/2021, 4:46:09 PM - DEBUG - Session ID is | JpCisVwFkKjl0mcslyE4iLrSyoJsOXuB 
7/4/2021, 4:48:08 PM - DEBUG - Session ID is | JpCisVwFkKjl0mcslyE4iLrSyoJsOXuB 
7/4/2021, 4:49:01 PM - DEBUG - Session ID is | OorSgEo6bkKMCczGcAzlH2YD7h5xA01p 
7/4/2021, 4:49:45 PM - DEBUG - Session ID is | VHpFKwJNkYN2fA5u-fotrdbv4n1rdOFZ 
7/4/2021, 4:49:58 PM - DEBUG - Session ID is | pGwmjz5d-tkWq94ZRz0SKyHQ_SJ3yQDM 
7/4/2021, 5:01:48 PM - DEBUG - Session ID is | -vm-WxPlTvzPzB3TIW9VNUR-R28g4li4 
7/4/2021, 6:07:27 PM - DEBUG - Session ID is | kzqb8gXwg3GadwRSyDZ4CRmpFMVOpezF 
7/4/2021, 6:07:57 PM - DEBUG - Session ID is | B_O5Rak2A7w4ICWyJbHbGBOMHhyd4iXy 
7/4/2021, 6:08:02 PM - DEBUG - Session ID is | fgVHCsgJJJEq409KCzPFnqoHjX7hTYlP 
7/4/2021, 6:09:32 PM - DEBUG - Session ID is | MpZCAApqN9vWdP6C-5gWTDgYWP_qAOj- 
7/4/2021, 6:11:30 PM - DEBUG - Session ID is | 614uM3VuNmGpkZs4m8FGrOZHrJl70K1v 
7/4/2021, 6:15:57 PM - DEBUG - Session ID is | e4mK1ZlFUmJqle0amCy4aq1p0cbWTqUk 
7/4/2021, 6:49:26 PM - DEBUG - Session ID is | w-_0ohw0dTh8yZ6_Fxs-yT8Zm3oEYlAB 
7/4/2021, 7:12:47 PM - DEBUG - Session ID is | w-_0ohw0dTh8yZ6_Fxs-yT8Zm3oEYlAB 
7/4/2021, 7:24:57 PM - DEBUG - Session ID is | w-_0ohw0dTh8yZ6_Fxs-yT8Zm3oEYlAB 
7/4/2021, 7:28:44 PM - DEBUG - Session ID is | tQevEs6V3Q-CqkwEVyuExothG3Atskc3 
7/4/2021, 7:43:30 PM - DEBUG - Session ID is | 8cvAHxQ_QFLfO12P9vAlrBDO8nJPiiNN 
7/4/2021, 8:15:33 PM - DEBUG - Session ID is | ICIdlKHtnfwQFF8ASL5GqFBNenCJIxgd 
7/4/2021, 8:19:26 PM - DEBUG - Session ID is | rcU0OMKB7alScTt0HeS89cSw0dRzpT_3 
7/4/2021, 8:24:47 PM - DEBUG - Session ID is | YeZzSdX9IXrmjso4T2n2zkTof_49eOKR 
7/4/2021, 8:25:23 PM - DEBUG - Session ID is | VO-3m-cIyuujei_sazVHHCBSu37T-fgN 
7/4/2021, 8:27:23 PM - DEBUG - Session ID is | YoaLZNcEIoBPdwZ1DFHgs5irLRA7zTC3 
7/4/2021, 8:34:44 PM - DEBUG - Session ID is | rl3qJN92gip2Wl1VKrYxT7veQQ_EqA-z 
7/4/2021, 8:35:32 PM - DEBUG - Session ID is | qikUJirlqDwbeyQzX82qSV-PZWNw_uzm 
7/4/2021, 8:37:31 PM - DEBUG - Session ID is | MtV0G9Rziq2p0NYV5Lm4QECSfCC--iOC 
7/4/2021, 8:38:59 PM - DEBUG - Session ID is | 0xC0nA9UVo0W-U5WVlwRMAmdtqZpgbZ6 
7/4/2021, 8:39:40 PM - DEBUG - Session ID is | lA3Hp_TRQBp-NXeApOS4wnod-BgckXU7 
7/4/2021, 8:44:02 PM - DEBUG - Session ID is | E67Bk1RQQF2lp8QAUSobJ5vf9tYYXzxs 
7/4/2021, 8:47:13 PM - DEBUG - Session ID is | bBsobabYMWfqvn0kobUif3KQY0cne_mx 
7/4/2021, 8:49:34 PM - DEBUG - Session ID is | rZHzzzoPojIwchxIwU1i5Pbt5g8ppdm7 
7/5/2021, 2:23:39 PM - DEBUG - Session ID is | tgKOqPM5qTvve4CjBQfM8igPEXulM36K 
7/5/2021, 2:32:49 PM - DEBUG - Session ID is | vAejVHSgbRecEhvvMjYaHRWrh2sux4SK 
7/5/2021, 2:39:29 PM - DEBUG - Session ID is | vAejVHSgbRecEhvvMjYaHRWrh2sux4SK 
7/5/2021, 2:39:37 PM - DEBUG - Session ID is | vAejVHSgbRecEhvvMjYaHRWrh2sux4SK 
